Using pre-set license
Built from '2020.3/staging' branch; Version is '2020.3.16f1 (049d6eca3c44) revision 302446'; Using compiler version '192528614'; Build Type 'Release'
OS: 'Windows 10 Home; OS build 19044.1526; Version 2009; 64bit' Language: 'en' Physical Memory: 8141 MB
BatchMode: 1, IsHumanControllingUs: 0, StartBugReporterOnCrash: 0, Is64bit: 1, IsPro: 0

 COMMAND LINE ARGUMENTS:
C:\Program Files\Unity\Editor\Unity.exe
-adb2
-batchMode
-noUpm
-name
AssetImportWorker0
-projectPath
C:/Users/Admin/Desktop/DIG 3480/Tutorial 1.5
-logFile
Logs/AssetImportWorker0.log
-srvPort
52513
Successfully changed project path to: C:/Users/Admin/Desktop/DIG 3480/Tutorial 1.5
C:/Users/Admin/Desktop/DIG 3480/Tutorial 1.5
Using Asset Import Pipeline V2.
Refreshing native plugins compatible for Editor in 44.75 ms, found 3 plugins.
Preloading 0 native plugins for Editor in 0.00 ms.
Initialize engine version: 2020.3.16f1 (049d6eca3c44)
[Subsystems] Discovering subsystems at path C:/Program Files/Unity/Editor/Data/Resources/UnitySubsystems
[Subsystems] Discovering subsystems at path C:/Users/Admin/Desktop/DIG 3480/Tutorial 1.5/Assets
GfxDevice: creating device client; threaded=0
Direct3D:
    Version:  Direct3D 11.0 [level 11.1]
    Renderer: NVIDIA GeForce GTX 960 (ID=0x1401)
    Vendor:   
    VRAM:     4053 MB
    Driver:   30.0.15.1123
Initialize mono
Mono path[0] = 'C:/Program Files/Unity/Editor/Data/Managed'
Mono path[1] = 'C:/Program Files/Unity/Editor/Data/MonoBleedingEdge/lib/mono/unityjit'
Mono config path = 'C:/Program Files/Unity/Editor/Data/MonoBleedingEdge/etc'
Using monoOptions --debugger-agent=transport=dt_socket,embedding=1,server=y,suspend=n,address=127.0.0.1:56328
Begin MonoManager ReloadAssembly
Registering precompiled unity dll's ...
Register platform support module: C:/Program Files/Unity/Editor/Data/PlaybackEngines/WindowsStandaloneSupport/UnityEditor.WindowsStandalone.Extensions.dll
Registered in 0.002216 seconds.
Native extension for WindowsStandalone target not found
Refreshing native plugins compatible for Editor in 44.51 ms, found 3 plugins.
Preloading 0 native plugins for Editor in 0.00 ms.
Mono: successfully reloaded assembly
- Completed reload, in  1.165 seconds
Domain Reload Profiling:
	ReloadAssembly (1166ms)
		BeginReloadAssembly (81ms)
			ExecutionOrderSort (0ms)
			DisableScriptedObjects (0ms)
			BackupInstance (0ms)
			ReleaseScriptingObjects (0ms)
			CreateAndSetChildDomain (1ms)
		EndReloadAssembly (463ms)
			LoadAssemblies (77ms)
			RebuildTransferFunctionScriptingTraits (0ms)
			SetupTypeCache (156ms)
			ReleaseScriptCaches (0ms)
			RebuildScriptCaches (36ms)
			SetupLoadedEditorAssemblies (199ms)
				LogAssemblyErrors (0ms)
				InitializePlatformSupportModulesInManaged (4ms)
				SetLoadedEditorAssemblies (0ms)
				RefreshPlugins (45ms)
				BeforeProcessingInitializeOnLoad (15ms)
				ProcessInitializeOnLoadAttributes (102ms)
				ProcessInitializeOnLoadMethodAttributes (33ms)
				AfterProcessingInitializeOnLoad (0ms)
				EditorAssembliesLoaded (0ms)
			ExecutionOrderSort2 (0ms)
			AwakeInstancesAfterBackupRestoration (0ms)
Platform modules already initialized, skipping
Registering precompiled user dll's ...
Registered in 0.005873 seconds.
Begin MonoManager ReloadAssembly
Native extension for WindowsStandalone target not found
Refreshing native plugins compatible for Editor in 41.21 ms, found 3 plugins.
Preloading 0 native plugins for Editor in 0.00 ms.
Mono: successfully reloaded assembly
- Completed reload, in  1.315 seconds
Domain Reload Profiling:
	ReloadAssembly (1316ms)
		BeginReloadAssembly (181ms)
			ExecutionOrderSort (0ms)
			DisableScriptedObjects (5ms)
			BackupInstance (0ms)
			ReleaseScriptingObjects (0ms)
			CreateAndSetChildDomain (26ms)
		EndReloadAssembly (1062ms)
			LoadAssemblies (115ms)
			RebuildTransferFunctionScriptingTraits (0ms)
			SetupTypeCache (330ms)
			ReleaseScriptCaches (0ms)
			RebuildScriptCaches (48ms)
			SetupLoadedEditorAssemblies (450ms)
				LogAssemblyErrors (0ms)
				InitializePlatformSupportModulesInManaged (4ms)
				SetLoadedEditorAssemblies (0ms)
				RefreshPlugins (41ms)
				BeforeProcessingInitializeOnLoad (80ms)
				ProcessInitializeOnLoadAttributes (303ms)
				ProcessInitializeOnLoadMethodAttributes (13ms)
				AfterProcessingInitializeOnLoad (8ms)
				EditorAssembliesLoaded (0ms)
			ExecutionOrderSort2 (0ms)
			AwakeInstancesAfterBackupRestoration (7ms)
Platform modules already initialized, skipping
========================================================================
Worker process is ready to serve import requests
Launched and connected shader compiler UnityShaderCompiler.exe after 0.09 seconds
Refreshing native plugins compatible for Editor in 0.46 ms, found 3 plugins.
Preloading 0 native plugins for Editor in 0.00 ms.
Unloading 2092 Unused Serialized files (Serialized files now loaded: 0)
System memory in use before: 93.1 MB.
System memory in use after: 93.2 MB.

Unloading 28 unused Assets to reduce memory usage. Loaded Objects now: 2529.
Total: 3.669500 ms (FindLiveObjects: 0.177300 ms CreateObjectMapping: 0.077900 ms MarkObjects: 3.283600 ms  DeleteObjects: 0.129500 ms)

AssetImportParameters requested are different than current active one (requested -> active):
  custom:framework-win-MediaFoundation: 216162199b28c13a410421893ffa2e32 -> 
  custom:video-decoder-ogg-theora: a1e56fd34408186e4bbccfd4996cb3dc -> 
  custom:container-muxer-webm: aa71ff27fc2769a1b78a27578f13a17b -> 
  custom:container-demuxer-webm: 4f35f7cbe854078d1ac9338744f61a02 -> 
  custom:container-demuxer-ogg: 62fdf1f143b41e24485cea50d1cbac27 -> 
  custom:video-encoder-webm-vp8: eb34c28f22e8b96e1ab97ce403110664 -> 
  custom:video-decoder-webm-vp8: 9c59270c3fd7afecdb556c50c9e8de78 -> 
  custom:audio-decoder-ogg-vorbis: bf7c407c2cedff20999df2af8eb42d56 -> 
  custom:audio-encoder-webm-vorbis: bf7c407c2cedff20999df2af8eb42d56 -> 
========================================================================
Received Import Request.
  path: Assets
  artifactKey: Guid(00000000000000001000000000000000) Importer(815301076,1909f56bfc062723c751e8b465ee728b)
Start importing Assets using Guid(00000000000000001000000000000000) Importer(815301076,1909f56bfc062723c751e8b465ee728b)  -> (artifact id: '42d402b061de3733987d63b9cc3b64de') in 0.009907 seconds 
  Import took 0.013573 seconds .

========================================================================
Received Import Request.
  Time since last request: 2.102501 seconds.
  path: Assets/SoundS
  artifactKey: Guid(788288cdf74fd6f46bc52e447510418b) Importer(815301076,1909f56bfc062723c751e8b465ee728b)
Start importing Assets/SoundS using Guid(788288cdf74fd6f46bc52e447510418b) Importer(815301076,1909f56bfc062723c751e8b465ee728b)  -> (artifact id: 'c6615cb4da13186e9a53797b25ddf928') in 0.043672 seconds 
  Import took 0.047226 seconds .

========================================================================
Received Import Request.
  Time since last request: 10.239643 seconds.
  path: Assets/Scripts
  artifactKey: Guid(ec29b8f81547a2f46b008d9b42f63f28) Importer(815301076,1909f56bfc062723c751e8b465ee728b)
Start importing Assets/Scripts using Guid(ec29b8f81547a2f46b008d9b42f63f28) Importer(815301076,1909f56bfc062723c751e8b465ee728b)  -> (artifact id: 'c93281971118cab777199df4ebd2213a') in 0.009785 seconds 
  Import took 0.013448 seconds .

========================================================================
Received Prepare
Registering precompiled user dll's ...
Registered in 0.005013 seconds.
Begin MonoManager ReloadAssembly
Native extension for WindowsStandalone target not found
Refreshing native plugins compatible for Editor in 0.47 ms, found 3 plugins.
Preloading 0 native plugins for Editor in 0.00 ms.
Mono: successfully reloaded assembly
- Completed reload, in  1.175 seconds
Domain Reload Profiling:
	ReloadAssembly (1175ms)
		BeginReloadAssembly (135ms)
			ExecutionOrderSort (0ms)
			DisableScriptedObjects (7ms)
			BackupInstance (0ms)
			ReleaseScriptingObjects (0ms)
			CreateAndSetChildDomain (35ms)
		EndReloadAssembly (966ms)
			LoadAssemblies (109ms)
			RebuildTransferFunctionScriptingTraits (0ms)
			SetupTypeCache (325ms)
			ReleaseScriptCaches (1ms)
			RebuildScriptCaches (48ms)
			SetupLoadedEditorAssemblies (377ms)
				LogAssemblyErrors (0ms)
				InitializePlatformSupportModulesInManaged (5ms)
				SetLoadedEditorAssemblies (0ms)
				RefreshPlugins (1ms)
				BeforeProcessingInitializeOnLoad (92ms)
				ProcessInitializeOnLoadAttributes (266ms)
				ProcessInitializeOnLoadMethodAttributes (6ms)
				AfterProcessingInitializeOnLoad (7ms)
				EditorAssembliesLoaded (0ms)
			ExecutionOrderSort2 (0ms)
			AwakeInstancesAfterBackupRestoration (11ms)
Platform modules already initialized, skipping
Refreshing native plugins compatible for Editor in 0.71 ms, found 3 plugins.
Preloading 0 native plugins for Editor in 0.00 ms.
Unloading 2082 Unused Serialized files (Serialized files now loaded: 0)
System memory in use before: 92.5 MB.
System memory in use after: 92.6 MB.

Unloading 16 unused Assets to reduce memory usage. Loaded Objects now: 2532.
Total: 4.019400 ms (FindLiveObjects: 0.160700 ms CreateObjectMapping: 0.065500 ms MarkObjects: 3.732800 ms  DeleteObjects: 0.058900 ms)

AssetImportParameters requested are different than current active one (requested -> active):
  custom:framework-win-MediaFoundation: 216162199b28c13a410421893ffa2e32 -> 
  custom:video-decoder-ogg-theora: a1e56fd34408186e4bbccfd4996cb3dc -> 
  custom:container-muxer-webm: aa71ff27fc2769a1b78a27578f13a17b -> 
  custom:container-demuxer-webm: 4f35f7cbe854078d1ac9338744f61a02 -> 
  custom:container-demuxer-ogg: 62fdf1f143b41e24485cea50d1cbac27 -> 
  custom:video-encoder-webm-vp8: eb34c28f22e8b96e1ab97ce403110664 -> 
  custom:video-decoder-webm-vp8: 9c59270c3fd7afecdb556c50c9e8de78 -> 
  custom:audio-decoder-ogg-vorbis: bf7c407c2cedff20999df2af8eb42d56 -> 
  custom:audio-encoder-webm-vorbis: bf7c407c2cedff20999df2af8eb42d56 -> 
========================================================================
Received Import Request.
  Time since last request: 12.090835 seconds.
  path: Assets/Animations
  artifactKey: Guid(4d147446c61a7a74d87f3ab486751657) Importer(815301076,1909f56bfc062723c751e8b465ee728b)
Start importing Assets/Animations using Guid(4d147446c61a7a74d87f3ab486751657) Importer(815301076,1909f56bfc062723c751e8b465ee728b)  -> (artifact id: '9aa8d4537e999b650133e653281b9fcb') in 0.009637 seconds 
  Import took 0.012889 seconds .

========================================================================
Received Import Request.
  Time since last request: 0.004436 seconds.
  path: Assets/Animations
  artifactKey: Guid(4d147446c61a7a74d87f3ab486751657) Importer(815301076,1909f56bfc062723c751e8b465ee728b)
Start importing Assets/Animations using Guid(4d147446c61a7a74d87f3ab486751657) Importer(815301076,1909f56bfc062723c751e8b465ee728b)  -> (artifact id: '9aa8d4537e999b650133e653281b9fcb') in 0.003562 seconds 
  Import took 0.008322 seconds .

========================================================================
Received Import Request.
  Time since last request: 11.158161 seconds.
  path: Assets/Sprites
  artifactKey: Guid(14d8af6622f92c14e891205437f317d0) Importer(815301076,1909f56bfc062723c751e8b465ee728b)
Start importing Assets/Sprites using Guid(14d8af6622f92c14e891205437f317d0) Importer(815301076,1909f56bfc062723c751e8b465ee728b)  -> (artifact id: '0a5a59f60b6e3447377b3c6a4856b30e') in 0.008954 seconds 
  Import took 0.012464 seconds .

========================================================================
Received Import Request.
  Time since last request: 151.381197 seconds.
  path: Assets/Sprites/Dead (1).png
  artifactKey: Guid(aa771dd070a44c945a8662bb3802217d) Importer(815301076,1909f56bfc062723c751e8b465ee728b)
Start importing Assets/Sprites/Dead (1).png using Guid(aa771dd070a44c945a8662bb3802217d) Importer(815301076,1909f56bfc062723c751e8b465ee728b)  -> (artifact id: '5c14853fd68dd66da8afe02980627ba5') in 0.188033 seconds 
  Import took 0.192123 seconds .

========================================================================
Received Import Request.
  Time since last request: 0.000201 seconds.
  path: Assets/Sprites/Dead (4).png
  artifactKey: Guid(1e1f95c4bddbe33479363baa51ccc760) Importer(815301076,1909f56bfc062723c751e8b465ee728b)
Start importing Assets/Sprites/Dead (4).png using Guid(1e1f95c4bddbe33479363baa51ccc760) Importer(815301076,1909f56bfc062723c751e8b465ee728b)  -> (artifact id: 'd251d8abb933ebf7766472d0ecafca64') in 0.020272 seconds 
  Import took 0.023824 seconds .

========================================================================
Received Import Request.
  Time since last request: 0.000255 seconds.
  path: Assets/Sprites/Hurt (8).png
  artifactKey: Guid(80aa55d0618f9bd4d82a6185e6f1d305) Importer(815301076,1909f56bfc062723c751e8b465ee728b)
Start importing Assets/Sprites/Hurt (8).png using Guid(80aa55d0618f9bd4d82a6185e6f1d305) Importer(815301076,1909f56bfc062723c751e8b465ee728b)  -> (artifact id: 'b3a38e113422b92e15fa4b238900602a') in 0.024008 seconds 
  Import took 0.027744 seconds .

========================================================================
Received Import Request.
  Time since last request: 0.000326 seconds.
  path: Assets/Sprites/Fall (6).png
  artifactKey: Guid(eef4030c8ee00c34d801ecd48dd606f3) Importer(815301076,1909f56bfc062723c751e8b465ee728b)
Start importing Assets/Sprites/Fall (6).png using Guid(eef4030c8ee00c34d801ecd48dd606f3) Importer(815301076,1909f56bfc062723c751e8b465ee728b)  -> (artifact id: '751c6b46a1dbeb6dd8b2f91f5869b0b3') in 0.018516 seconds 
  Import took 0.022298 seconds .

========================================================================
Received Import Request.
  Time since last request: 0.000295 seconds.
  path: Assets/Sprites/Dead (2).png
  artifactKey: Guid(6ce11f05c794dfb4c855af0ffe6b2e06) Importer(815301076,1909f56bfc062723c751e8b465ee728b)
Start importing Assets/Sprites/Dead (2).png using Guid(6ce11f05c794dfb4c855af0ffe6b2e06) Importer(815301076,1909f56bfc062723c751e8b465ee728b)  -> (artifact id: '8f30f911a8feb101f6301d23a7c85450') in 0.018160 seconds 
  Import took 0.021592 seconds .

========================================================================
Received Import Request.
  Time since last request: 0.000243 seconds.
  path: Assets/Sprites/Hurt (4).png
  artifactKey: Guid(72420c094308d5945ab0c7410d361f4a) Importer(815301076,1909f56bfc062723c751e8b465ee728b)
Start importing Assets/Sprites/Hurt (4).png using Guid(72420c094308d5945ab0c7410d361f4a) Importer(815301076,1909f56bfc062723c751e8b465ee728b)  -> (artifact id: '57013a89f75ad04832486a0ea3187db7') in 0.019273 seconds 
  Import took 0.023420 seconds .

========================================================================
Received Import Request.
  Time since last request: 0.000286 seconds.
  path: Assets/Sprites/Fall (5).png
  artifactKey: Guid(2e403f131f5ecf846a98b300a1206e2c) Importer(815301076,1909f56bfc062723c751e8b465ee728b)
Start importing Assets/Sprites/Fall (5).png using Guid(2e403f131f5ecf846a98b300a1206e2c) Importer(815301076,1909f56bfc062723c751e8b465ee728b)  -> (artifact id: 'a47172c47fefc3499cc23ae17e61ac41') in 0.016988 seconds 
  Import took 0.020175 seconds .

========================================================================
Received Import Request.
  Time since last request: 0.000170 seconds.
  path: Assets/Sprites/Fall (7).png
  artifactKey: Guid(1a68196973000fa48bcf82a95990047b) Importer(815301076,1909f56bfc062723c751e8b465ee728b)
Start importing Assets/Sprites/Fall (7).png using Guid(1a68196973000fa48bcf82a95990047b) Importer(815301076,1909f56bfc062723c751e8b465ee728b)  -> (artifact id: '38b79402d3672b43dee3deebab1c4a04') in 0.015882 seconds 
  Import took 0.019613 seconds .

========================================================================
Received Import Request.
  Time since last request: 0.000250 seconds.
  path: Assets/Sprites/Fall (8).png
  artifactKey: Guid(0554080758b39bd47a2b60e4b6a6b465) Importer(815301076,1909f56bfc062723c751e8b465ee728b)
Start importing Assets/Sprites/Fall (8).png using Guid(0554080758b39bd47a2b60e4b6a6b465) Importer(815301076,1909f56bfc062723c751e8b465ee728b)  -> (artifact id: 'ba146fa07e614a825a21aae43de43ab3') in 0.016613 seconds 
  Import took 0.020522 seconds .

========================================================================
Received Import Request.
  Time since last request: 0.000179 seconds.
  path: Assets/Sprites/Dead (7).png
  artifactKey: Guid(7de30b4557495cd4da6648d3f1bb176c) Importer(815301076,1909f56bfc062723c751e8b465ee728b)
Start importing Assets/Sprites/Dead (7).png using Guid(7de30b4557495cd4da6648d3f1bb176c) Importer(815301076,1909f56bfc062723c751e8b465ee728b)  -> (artifact id: 'b0096224f8fc94aed319aaf655d02f99') in 0.017176 seconds 
  Import took 0.020848 seconds .

========================================================================
Received Import Request.
  Time since last request: 0.000177 seconds.
  path: Assets/Sprites/Hurt (3).png
  artifactKey: Guid(97ecd126d36d2df43a1b50348e0bccef) Importer(815301076,1909f56bfc062723c751e8b465ee728b)
Start importing Assets/Sprites/Hurt (3).png using Guid(97ecd126d36d2df43a1b50348e0bccef) Importer(815301076,1909f56bfc062723c751e8b465ee728b)  -> (artifact id: 'd6eeec1e9e75cfeaa2be171936193c9a') in 0.017337 seconds 
  Import took 0.020567 seconds .

========================================================================
Received Import Request.
  Time since last request: 0.000181 seconds.
  path: Assets/Sprites/Fall (1).png
  artifactKey: Guid(930a22a497a3de64984c5dfb0fcd2a35) Importer(815301076,1909f56bfc062723c751e8b465ee728b)
Start importing Assets/Sprites/Fall (1).png using Guid(930a22a497a3de64984c5dfb0fcd2a35) Importer(815301076,1909f56bfc062723c751e8b465ee728b)  -> (artifact id: '5872ec928d84ff8e01bad545afbc0ed5') in 0.016791 seconds 
  Import took 0.020321 seconds .

========================================================================
Received Import Request.
  Time since last request: 0.000185 seconds.
  path: Assets/Sprites/Fall (4).png
  artifactKey: Guid(ff6d5b0430884bb4a96db5ee24513a27) Importer(815301076,1909f56bfc062723c751e8b465ee728b)
Start importing Assets/Sprites/Fall (4).png using Guid(ff6d5b0430884bb4a96db5ee24513a27) Importer(815301076,1909f56bfc062723c751e8b465ee728b)  -> (artifact id: 'f4761b64cee378086726b4959ef8cff3') in 0.019357 seconds 
  Import took 0.022905 seconds .

========================================================================
Received Import Request.
  Time since last request: 0.000210 seconds.
  path: Assets/Sprites/Dead (10).png
  artifactKey: Guid(1dc15500f331c674d91ee59a09199ea5) Importer(815301076,1909f56bfc062723c751e8b465ee728b)
Start importing Assets/Sprites/Dead (10).png using Guid(1dc15500f331c674d91ee59a09199ea5) Importer(815301076,1909f56bfc062723c751e8b465ee728b)  -> (artifact id: '35052aa7975a1058a6c752816400d554') in 0.017162 seconds 
  Import took 0.020359 seconds .

========================================================================
Received Import Request.
  Time since last request: 0.000159 seconds.
  path: Assets/Sprites/Fall (2).png
  artifactKey: Guid(ca386ed476b0b0d48980ee11b935d40c) Importer(815301076,1909f56bfc062723c751e8b465ee728b)
Start importing Assets/Sprites/Fall (2).png using Guid(ca386ed476b0b0d48980ee11b935d40c) Importer(815301076,1909f56bfc062723c751e8b465ee728b)  -> (artifact id: 'cd587b36f343c47170a3fc0c0b28de73') in 0.017918 seconds 
  Import took 0.020928 seconds .

========================================================================
Received Import Request.
  Time since last request: 0.000166 seconds.
  path: Assets/Sprites/Fall (3).png
  artifactKey: Guid(86973d103ab864a4b81c2510394b4353) Importer(815301076,1909f56bfc062723c751e8b465ee728b)
Start importing Assets/Sprites/Fall (3).png using Guid(86973d103ab864a4b81c2510394b4353) Importer(815301076,1909f56bfc062723c751e8b465ee728b)  -> (artifact id: '1fa7f1c85fdc8f57b2f00cf1c5eabb66') in 0.016947 seconds 
  Import took 0.020899 seconds .

========================================================================
Received Import Request.
  Time since last request: 0.000238 seconds.
  path: Assets/Sprites/Hurt (2).png
  artifactKey: Guid(22ab86ee044256546879d00498d87208) Importer(815301076,1909f56bfc062723c751e8b465ee728b)
Start importing Assets/Sprites/Hurt (2).png using Guid(22ab86ee044256546879d00498d87208) Importer(815301076,1909f56bfc062723c751e8b465ee728b)  -> (artifact id: '357d2a63422f6c01965a2ff311418196') in 0.017292 seconds 
  Import took 0.020783 seconds .

========================================================================
Received Import Request.
  Time since last request: 0.000173 seconds.
  path: Assets/Sprites/Hurt (5).png
  artifactKey: Guid(e3e14ed1e9fbe514abe3e70e2de7de78) Importer(815301076,1909f56bfc062723c751e8b465ee728b)
Start importing Assets/Sprites/Hurt (5).png using Guid(e3e14ed1e9fbe514abe3e70e2de7de78) Importer(815301076,1909f56bfc062723c751e8b465ee728b)  -> (artifact id: '28ebbf2bb822d66fa77db8ea17a9c76e') in 0.016319 seconds 
  Import took 0.019936 seconds .

========================================================================
Received Import Request.
  Time since last request: 0.000261 seconds.
  path: Assets/Sprites/Dead (9).png
  artifactKey: Guid(c22f7ccea5b01234cac6721dab22b103) Importer(815301076,1909f56bfc062723c751e8b465ee728b)
Start importing Assets/Sprites/Dead (9).png using Guid(c22f7ccea5b01234cac6721dab22b103) Importer(815301076,1909f56bfc062723c751e8b465ee728b)  -> (artifact id: 'b63c711d121efaf0ced636d5879662a4') in 0.017986 seconds 
  Import took 0.023168 seconds .

========================================================================
Received Import Request.
  Time since last request: 0.000129 seconds.
  path: Assets/Sprites/Dead (3).png
  artifactKey: Guid(126a537e15a79d540bf0c915d7cecf6d) Importer(815301076,1909f56bfc062723c751e8b465ee728b)
Start importing Assets/Sprites/Dead (3).png using Guid(126a537e15a79d540bf0c915d7cecf6d) Importer(815301076,1909f56bfc062723c751e8b465ee728b)  -> (artifact id: '47ed6272423ef666dd7bc099a6b7dc91') in 0.026234 seconds 
  Import took 0.030276 seconds .

========================================================================
Received Import Request.
  Time since last request: 0.000199 seconds.
  path: Assets/Sprites/Dead (6).png
  artifactKey: Guid(5dab57d91a9e6c94293c222fabe42cbc) Importer(815301076,1909f56bfc062723c751e8b465ee728b)
Start importing Assets/Sprites/Dead (6).png using Guid(5dab57d91a9e6c94293c222fabe42cbc) Importer(815301076,1909f56bfc062723c751e8b465ee728b)  -> (artifact id: '8a34e0d00c1a63508be0fc3ab8ab8385') in 0.017793 seconds 
  Import took 0.021165 seconds .

========================================================================
Received Import Request.
  Time since last request: 0.000163 seconds.
  path: Assets/Sprites/Dead (5).png
  artifactKey: Guid(aff021901a787b54395d32dd1e69ea39) Importer(815301076,1909f56bfc062723c751e8b465ee728b)
Start importing Assets/Sprites/Dead (5).png using Guid(aff021901a787b54395d32dd1e69ea39) Importer(815301076,1909f56bfc062723c751e8b465ee728b)  -> (artifact id: '26290e594919b2b4634a1dcc29f85868') in 0.017397 seconds 
  Import took 0.021471 seconds .

========================================================================
Received Import Request.
  Time since last request: 0.000243 seconds.
  path: Assets/Sprites/Hurt (1).png
  artifactKey: Guid(824254da07636fd49bce71fff07ea57d) Importer(815301076,1909f56bfc062723c751e8b465ee728b)
Start importing Assets/Sprites/Hurt (1).png using Guid(824254da07636fd49bce71fff07ea57d) Importer(815301076,1909f56bfc062723c751e8b465ee728b)  -> (artifact id: '3180a374544a7bb8aac1e2c86c64d885') in 0.018313 seconds 
  Import took 0.021746 seconds .

========================================================================
Received Import Request.
  Time since last request: 0.000160 seconds.
  path: Assets/Sprites/Hurt (6).png
  artifactKey: Guid(1aa4367a5ce6f3b45977b621421737e9) Importer(815301076,1909f56bfc062723c751e8b465ee728b)
Start importing Assets/Sprites/Hurt (6).png using Guid(1aa4367a5ce6f3b45977b621421737e9) Importer(815301076,1909f56bfc062723c751e8b465ee728b)  -> (artifact id: '3a3795b4e409ebb07c3534914136f7a3') in 0.018214 seconds 
  Import took 0.021746 seconds .

========================================================================
Received Import Request.
  Time since last request: 0.000165 seconds.
  path: Assets/Sprites/Hurt (7).png
  artifactKey: Guid(4ed225b6ecf23ca428481d085a3b518f) Importer(815301076,1909f56bfc062723c751e8b465ee728b)
Start importing Assets/Sprites/Hurt (7).png using Guid(4ed225b6ecf23ca428481d085a3b518f) Importer(815301076,1909f56bfc062723c751e8b465ee728b)  -> (artifact id: '0ed00a8c3b86f1f14c68375158c72957') in 0.017449 seconds 
  Import took 0.021805 seconds .

========================================================================
Received Import Request.
  Time since last request: 0.000175 seconds.
  path: Assets/Sprites/Dead (8).png
  artifactKey: Guid(2bb5722d15fd46149aba16f49a93c33a) Importer(815301076,1909f56bfc062723c751e8b465ee728b)
Start importing Assets/Sprites/Dead (8).png using Guid(2bb5722d15fd46149aba16f49a93c33a) Importer(815301076,1909f56bfc062723c751e8b465ee728b)  -> (artifact id: 'd65bffb496f8ecaf5d811e1cc46a308f') in 0.017568 seconds 
  Import took 0.021431 seconds .

========================================================================
Received Import Request.
  Time since last request: 0.248140 seconds.
  path: Assets/Sprites/Hurt (9).png
  artifactKey: Guid(e7f4aaa73674f344e97f58e15a88b1d8) Importer(815301076,1909f56bfc062723c751e8b465ee728b)
Start importing Assets/Sprites/Hurt (9).png using Guid(e7f4aaa73674f344e97f58e15a88b1d8) Importer(815301076,1909f56bfc062723c751e8b465ee728b)  -> (artifact id: '758b12680dddc956b23867262fcaaae9') in 0.015303 seconds 
  Import took 0.019116 seconds .

========================================================================
Received Import Request.
  Time since last request: 0.000221 seconds.
  path: Assets/Sprites/Hurt (10).png
  artifactKey: Guid(c857eb2f05c240e46af3d0bf68d5bfbd) Importer(815301076,1909f56bfc062723c751e8b465ee728b)
Start importing Assets/Sprites/Hurt (10).png using Guid(c857eb2f05c240e46af3d0bf68d5bfbd) Importer(815301076,1909f56bfc062723c751e8b465ee728b)  -> (artifact id: 'a0f266972c5d787a390df797ad838013') in 0.019606 seconds 
  Import took 0.022895 seconds .

========================================================================
Received Import Request.
  Time since last request: 0.000251 seconds.
  path: Assets/Sprites/Idle (3).png
  artifactKey: Guid(66675fb5acc1a54439eb50b6a8995b78) Importer(815301076,1909f56bfc062723c751e8b465ee728b)
Start importing Assets/Sprites/Idle (3).png using Guid(66675fb5acc1a54439eb50b6a8995b78) Importer(815301076,1909f56bfc062723c751e8b465ee728b)  -> (artifact id: '8d59355d6e035c2400b53b321b1babd4') in 0.020008 seconds 
  Import took 0.024248 seconds .

========================================================================
Received Import Request.
  Time since last request: 0.000285 seconds.
  path: Assets/Sprites/Hurt (10).png
  artifactKey: Guid(c857eb2f05c240e46af3d0bf68d5bfbd) Importer(815301076,1909f56bfc062723c751e8b465ee728b)
Start importing Assets/Sprites/Hurt (10).png using Guid(c857eb2f05c240e46af3d0bf68d5bfbd) Importer(815301076,1909f56bfc062723c751e8b465ee728b)  -> (artifact id: 'a0f266972c5d787a390df797ad838013') in 0.015755 seconds 
  Import took 0.019826 seconds .

========================================================================
Received Import Request.
  Time since last request: 0.000324 seconds.
  path: Assets/Sprites/Idle (2).png
  artifactKey: Guid(e9da66c987de37a4cb0da9a462957380) Importer(815301076,1909f56bfc062723c751e8b465ee728b)
Start importing Assets/Sprites/Idle (2).png using Guid(e9da66c987de37a4cb0da9a462957380) Importer(815301076,1909f56bfc062723c751e8b465ee728b)  -> (artifact id: '19126727e20175c7b32e457a386517de') in 0.016818 seconds 
  Import took 0.021004 seconds .

========================================================================
Received Import Request.
  Time since last request: 0.000216 seconds.
  path: Assets/Sprites/Idle (1).png
  artifactKey: Guid(8ce4d4537b3dc644ab5d997929f15fcf) Importer(815301076,1909f56bfc062723c751e8b465ee728b)
Start importing Assets/Sprites/Idle (1).png using Guid(8ce4d4537b3dc644ab5d997929f15fcf) Importer(815301076,1909f56bfc062723c751e8b465ee728b)  -> (artifact id: '142b70b7c4900a6a56c1be7202f7bf24') in 0.017509 seconds 
  Import took 0.021514 seconds .

========================================================================
Received Import Request.
  Time since last request: 0.000301 seconds.
  path: Assets/Sprites/Idle (1).png
  artifactKey: Guid(8ce4d4537b3dc644ab5d997929f15fcf) Importer(815301076,1909f56bfc062723c751e8b465ee728b)
Start importing Assets/Sprites/Idle (1).png using Guid(8ce4d4537b3dc644ab5d997929f15fcf) Importer(815301076,1909f56bfc062723c751e8b465ee728b)  -> (artifact id: '142b70b7c4900a6a56c1be7202f7bf24') in 0.015057 seconds 
  Import took 0.018992 seconds .

========================================================================
Received Import Request.
  Time since last request: 1.282617 seconds.
  path: Assets/Sprites/Idle (4).png
  artifactKey: Guid(5fdc5162aeacdf24dba7798871867c43) Importer(815301076,1909f56bfc062723c751e8b465ee728b)
Start importing Assets/Sprites/Idle (4).png using Guid(5fdc5162aeacdf24dba7798871867c43) Importer(815301076,1909f56bfc062723c751e8b465ee728b)  -> (artifact id: '44b01ff7cb7718f101490de95a43c573') in 0.025649 seconds 
  Import took 0.033878 seconds .

========================================================================
Received Import Request.
  Time since last request: 0.000373 seconds.
  path: Assets/Sprites/Idle (8).png
  artifactKey: Guid(e493b5c9f19270f4b8208d3539f77446) Importer(815301076,1909f56bfc062723c751e8b465ee728b)
Start importing Assets/Sprites/Idle (8).png using Guid(e493b5c9f19270f4b8208d3539f77446) Importer(815301076,1909f56bfc062723c751e8b465ee728b)  -> (artifact id: 'be5cb50734d470d2c4ae29f3b22a095b') in 0.020016 seconds 
  Import took 0.025192 seconds .

========================================================================
Received Import Request.
  Time since last request: 0.000204 seconds.
  path: Assets/Sprites/Idle (4).png
  artifactKey: Guid(5fdc5162aeacdf24dba7798871867c43) Importer(815301076,1909f56bfc062723c751e8b465ee728b)
Start importing Assets/Sprites/Idle (4).png using Guid(5fdc5162aeacdf24dba7798871867c43) Importer(815301076,1909f56bfc062723c751e8b465ee728b)  -> (artifact id: '44b01ff7cb7718f101490de95a43c573') in 0.015690 seconds 
  Import took 0.020226 seconds .

========================================================================
Received Import Request.
  Time since last request: 0.000315 seconds.
  path: Assets/Sprites/Idle (9).png
  artifactKey: Guid(c88265f28bdc36c4e8268c50356e76ac) Importer(815301076,1909f56bfc062723c751e8b465ee728b)
Start importing Assets/Sprites/Idle (9).png using Guid(c88265f28bdc36c4e8268c50356e76ac) Importer(815301076,1909f56bfc062723c751e8b465ee728b)  -> (artifact id: '2ab3acf259e32a3ceef7d235d31856a6') in 0.017747 seconds 
  Import took 0.021783 seconds .

========================================================================
Received Import Request.
  Time since last request: 0.000226 seconds.
  path: Assets/Sprites/Jump (1).png
  artifactKey: Guid(70cea02f47003634e8101b2d90fb9449) Importer(815301076,1909f56bfc062723c751e8b465ee728b)
Start importing Assets/Sprites/Jump (1).png using Guid(70cea02f47003634e8101b2d90fb9449) Importer(815301076,1909f56bfc062723c751e8b465ee728b)  -> (artifact id: 'a99309765dfacdf91b2564369d3b2067') in 0.015326 seconds 
  Import took 0.018905 seconds .

========================================================================
Received Import Request.
  Time since last request: 0.000279 seconds.
  path: Assets/Sprites/Jump (2).png
  artifactKey: Guid(e23d397b3b283304f91ad794765f7cbf) Importer(815301076,1909f56bfc062723c751e8b465ee728b)
Start importing Assets/Sprites/Jump (2).png using Guid(e23d397b3b283304f91ad794765f7cbf) Importer(815301076,1909f56bfc062723c751e8b465ee728b)  -> (artifact id: '8c2509582b27af521ab55396abf63e59') in 0.014538 seconds 
  Import took 0.018597 seconds .

========================================================================
Received Import Request.
  Time since last request: 0.000162 seconds.
  path: Assets/Sprites/Jump (3).png
  artifactKey: Guid(a72d716b1a37a464ab3f080f82554797) Importer(815301076,1909f56bfc062723c751e8b465ee728b)
Start importing Assets/Sprites/Jump (3).png using Guid(a72d716b1a37a464ab3f080f82554797) Importer(815301076,1909f56bfc062723c751e8b465ee728b)  -> (artifact id: '70f99c3255cf50a6a054424934da7ee0') in 0.015321 seconds 
  Import took 0.019004 seconds .

========================================================================
Received Import Request.
  Time since last request: 0.000274 seconds.
  path: Assets/Sprites/Idle (7).png
  artifactKey: Guid(2e9f402dfc0579741ba7b1d3189a6706) Importer(815301076,1909f56bfc062723c751e8b465ee728b)
Start importing Assets/Sprites/Idle (7).png using Guid(2e9f402dfc0579741ba7b1d3189a6706) Importer(815301076,1909f56bfc062723c751e8b465ee728b)  -> (artifact id: '465d55f335c175ce79e774e30560ad19') in 0.017141 seconds 
  Import took 0.021351 seconds .

========================================================================
Received Import Request.
  Time since last request: 0.000189 seconds.
  path: Assets/Sprites/Idle (6).png
  artifactKey: Guid(06c39e4c37d288a409b540b1aea98f5c) Importer(815301076,1909f56bfc062723c751e8b465ee728b)
Start importing Assets/Sprites/Idle (6).png using Guid(06c39e4c37d288a409b540b1aea98f5c) Importer(815301076,1909f56bfc062723c751e8b465ee728b)  -> (artifact id: 'defae6e7f0790651d3e8a290897729c0') in 0.016473 seconds 
  Import took 0.020146 seconds .

========================================================================
Received Import Request.
  Time since last request: 0.000169 seconds.
  path: Assets/Sprites/Idle (5).png
  artifactKey: Guid(20d5af7230a1f794c815f26740fa1f82) Importer(815301076,1909f56bfc062723c751e8b465ee728b)
Start importing Assets/Sprites/Idle (5).png using Guid(20d5af7230a1f794c815f26740fa1f82) Importer(815301076,1909f56bfc062723c751e8b465ee728b)  -> (artifact id: '1031be1cf04f460f307b808305b66546') in 0.015454 seconds 
  Import took 0.018807 seconds .

========================================================================
Received Import Request.
  Time since last request: 0.000073 seconds.
  path: Assets/Sprites/Idle (10).png
  artifactKey: Guid(99d45dc7afba1ef47a482e2978f89e25) Importer(815301076,1909f56bfc062723c751e8b465ee728b)
Start importing Assets/Sprites/Idle (10).png using Guid(99d45dc7afba1ef47a482e2978f89e25) Importer(815301076,1909f56bfc062723c751e8b465ee728b)  -> (artifact id: 'f611d2b1b6ce1da6084d082d18ca68f6') in 0.016215 seconds 
  Import took 0.019757 seconds .

========================================================================
Received Import Request.
  Time since last request: 0.003166 seconds.
  path: Assets/Sprites/Idle (10).png
  artifactKey: Guid(99d45dc7afba1ef47a482e2978f89e25) Importer(815301076,1909f56bfc062723c751e8b465ee728b)
Start importing Assets/Sprites/Idle (10).png using Guid(99d45dc7afba1ef47a482e2978f89e25) Importer(815301076,1909f56bfc062723c751e8b465ee728b)  -> (artifact id: 'f611d2b1b6ce1da6084d082d18ca68f6') in 0.015539 seconds 
  Import took 0.019472 seconds .

========================================================================
Received Import Request.
  Time since last request: 1.560227 seconds.
  path: Assets/Sprites/Jump (4).png
  artifactKey: Guid(b77ca8c8272ac094ca36ce34c443c192) Importer(815301076,1909f56bfc062723c751e8b465ee728b)
Start importing Assets/Sprites/Jump (4).png using Guid(b77ca8c8272ac094ca36ce34c443c192) Importer(815301076,1909f56bfc062723c751e8b465ee728b)  -> (artifact id: 'd2ef563c01fd4a7e9f10639ed9dc547e') in 0.017926 seconds 
  Import took 0.022021 seconds .

========================================================================
Received Import Request.
  Time since last request: 0.000439 seconds.
  path: Assets/Sprites/Jump (7).png
  artifactKey: Guid(f75282ebb3b259743b0aa96a8dfa2394) Importer(815301076,1909f56bfc062723c751e8b465ee728b)
Start importing Assets/Sprites/Jump (7).png using Guid(f75282ebb3b259743b0aa96a8dfa2394) Importer(815301076,1909f56bfc062723c751e8b465ee728b)  -> (artifact id: '62c4fb6daf3995321e538a07b6f1731c') in 0.018589 seconds 
  Import took 0.022044 seconds .

========================================================================
Received Import Request.
  Time since last request: 0.000274 seconds.
  path: Assets/Sprites/Jump (8).png
  artifactKey: Guid(1516bff01871e9841a978ae442a46466) Importer(815301076,1909f56bfc062723c751e8b465ee728b)
Start importing Assets/Sprites/Jump (8).png using Guid(1516bff01871e9841a978ae442a46466) Importer(815301076,1909f56bfc062723c751e8b465ee728b)  -> (artifact id: 'f52d072961b10b5ccdc57f03f82ea203') in 0.019328 seconds 
  Import took 0.023433 seconds .

========================================================================
Received Import Request.
  Time since last request: 0.000276 seconds.
  path: Assets/Sprites/Jump (5).png
  artifactKey: Guid(0f61763586e27714488e9884ecee0196) Importer(815301076,1909f56bfc062723c751e8b465ee728b)
Start importing Assets/Sprites/Jump (5).png using Guid(0f61763586e27714488e9884ecee0196) Importer(815301076,1909f56bfc062723c751e8b465ee728b)  -> (artifact id: '2fcc32719baffce03f81c082bb1b222c') in 0.018484 seconds 
  Import took 0.022234 seconds .

========================================================================
Received Import Request.
  Time since last request: 0.000280 seconds.
  path: Assets/Sprites/Run (2).png
  artifactKey: Guid(2c296d62109a6f74299b202153444fcc) Importer(815301076,1909f56bfc062723c751e8b465ee728b)
Start importing Assets/Sprites/Run (2).png using Guid(2c296d62109a6f74299b202153444fcc) Importer(815301076,1909f56bfc062723c751e8b465ee728b)  -> (artifact id: '8111d92480acd55ff5bc5d0b9b986962') in 0.022899 seconds 
  Import took 0.026136 seconds .

========================================================================
Received Import Request.
  Time since last request: 0.000180 seconds.
  path: Assets/Sprites/Run (3).png
  artifactKey: Guid(a95a47d7c08302e4dbeb25e0fc1deba9) Importer(815301076,1909f56bfc062723c751e8b465ee728b)
Start importing Assets/Sprites/Run (3).png using Guid(a95a47d7c08302e4dbeb25e0fc1deba9) Importer(815301076,1909f56bfc062723c751e8b465ee728b)  -> (artifact id: '1a26e25a2f6d5722cdb37fe941f2cd90') in 0.022361 seconds 
  Import took 0.025907 seconds .

========================================================================
Received Import Request.
  Time since last request: 0.000158 seconds.
  path: Assets/Sprites/Run (4).png
  artifactKey: Guid(f44dbe17b90ed0b4194d9e673911f234) Importer(815301076,1909f56bfc062723c751e8b465ee728b)
Start importing Assets/Sprites/Run (4).png using Guid(f44dbe17b90ed0b4194d9e673911f234) Importer(815301076,1909f56bfc062723c751e8b465ee728b)  -> (artifact id: '4f51512edbb583c7f4d4f74c1f46d996') in 0.022188 seconds 
  Import took 0.025848 seconds .

========================================================================
Received Import Request.
  Time since last request: 0.000165 seconds.
  path: Assets/Sprites/Run (5).png
  artifactKey: Guid(8fb2062532bd29a41983ce82f3fd1d96) Importer(815301076,1909f56bfc062723c751e8b465ee728b)
Start importing Assets/Sprites/Run (5).png using Guid(8fb2062532bd29a41983ce82f3fd1d96) Importer(815301076,1909f56bfc062723c751e8b465ee728b)  -> (artifact id: '6ea1a94b9ff144b55a7348d0749a9972') in 0.034943 seconds 
  Import took 0.038508 seconds .

========================================================================
Received Import Request.
  Time since last request: 0.000177 seconds.
  path: Assets/Sprites/Jump (6).png
  artifactKey: Guid(4c55f6cc257cbab40b701d230b000786) Importer(815301076,1909f56bfc062723c751e8b465ee728b)
Start importing Assets/Sprites/Jump (6).png using Guid(4c55f6cc257cbab40b701d230b000786) Importer(815301076,1909f56bfc062723c751e8b465ee728b)  -> (artifact id: '8479950611aa2fc1fd8e67dcdf40073f') in 0.015271 seconds 
  Import took 0.018686 seconds .

========================================================================
Received Import Request.
  Time since last request: 0.000184 seconds.
  path: Assets/Sprites/Run (1).png
  artifactKey: Guid(71aa7c6322156e14f904e770f2eb6b73) Importer(815301076,1909f56bfc062723c751e8b465ee728b)
Start importing Assets/Sprites/Run (1).png using Guid(71aa7c6322156e14f904e770f2eb6b73) Importer(815301076,1909f56bfc062723c751e8b465ee728b)  -> (artifact id: 'ca6239c3b0199742a6a6ef8e81df3ba1') in 0.017116 seconds 
  Import took 0.020791 seconds .

========================================================================
Received Import Request.
  Time since last request: 0.001558 seconds.
  path: Assets/Sprites/Run (1).png
  artifactKey: Guid(71aa7c6322156e14f904e770f2eb6b73) Importer(815301076,1909f56bfc062723c751e8b465ee728b)
Start importing Assets/Sprites/Run (1).png using Guid(71aa7c6322156e14f904e770f2eb6b73) Importer(815301076,1909f56bfc062723c751e8b465ee728b)  -> (artifact id: 'ca6239c3b0199742a6a6ef8e81df3ba1') in 0.013879 seconds 
  Import took 0.017738 seconds .

========================================================================
Received Prepare
Registering precompiled user dll's ...
Registered in 0.005132 seconds.
Begin MonoManager ReloadAssembly
Native extension for WindowsStandalone target not found
Refreshing native plugins compatible for Editor in 0.68 ms, found 3 plugins.
Preloading 0 native plugins for Editor in 0.00 ms.
Mono: successfully reloaded assembly
- Completed reload, in  1.347 seconds
Domain Reload Profiling:
	ReloadAssembly (1347ms)
		BeginReloadAssembly (123ms)
			ExecutionOrderSort (0ms)
			DisableScriptedObjects (7ms)
			BackupInstance (0ms)
			ReleaseScriptingObjects (0ms)
			CreateAndSetChildDomain (41ms)
		EndReloadAssembly (1145ms)
			LoadAssemblies (101ms)
			RebuildTransferFunctionScriptingTraits (0ms)
			SetupTypeCache (349ms)
			ReleaseScriptCaches (1ms)
			RebuildScriptCaches (44ms)
			SetupLoadedEditorAssemblies (534ms)
				LogAssemblyErrors (0ms)
				InitializePlatformSupportModulesInManaged (5ms)
				SetLoadedEditorAssemblies (1ms)
				RefreshPlugins (1ms)
				BeforeProcessingInitializeOnLoad (99ms)
				ProcessInitializeOnLoadAttributes (414ms)
				ProcessInitializeOnLoadMethodAttributes (6ms)
				AfterProcessingInitializeOnLoad (8ms)
				EditorAssembliesLoaded (0ms)
			ExecutionOrderSort2 (0ms)
			AwakeInstancesAfterBackupRestoration (14ms)
Platform modules already initialized, skipping
Refreshing native plugins compatible for Editor in 0.43 ms, found 3 plugins.
Preloading 0 native plugins for Editor in 0.00 ms.
Unloading 2082 Unused Serialized files (Serialized files now loaded: 0)
System memory in use before: 95.6 MB.
System memory in use after: 95.7 MB.

Unloading 16 unused Assets to reduce memory usage. Loaded Objects now: 2543.
Total: 3.338200 ms (FindLiveObjects: 0.340900 ms CreateObjectMapping: 0.107500 ms MarkObjects: 2.870600 ms  DeleteObjects: 0.018200 ms)

AssetImportParameters requested are different than current active one (requested -> active):
  custom:framework-win-MediaFoundation: 216162199b28c13a410421893ffa2e32 -> 
  custom:video-decoder-ogg-theora: a1e56fd34408186e4bbccfd4996cb3dc -> 
  custom:container-muxer-webm: aa71ff27fc2769a1b78a27578f13a17b -> 
  custom:container-demuxer-webm: 4f35f7cbe854078d1ac9338744f61a02 -> 
  custom:container-demuxer-ogg: 62fdf1f143b41e24485cea50d1cbac27 -> 
  custom:video-encoder-webm-vp8: eb34c28f22e8b96e1ab97ce403110664 -> 
  custom:video-decoder-webm-vp8: 9c59270c3fd7afecdb556c50c9e8de78 -> 
  custom:audio-decoder-ogg-vorbis: bf7c407c2cedff20999df2af8eb42d56 -> 
  custom:audio-encoder-webm-vorbis: bf7c407c2cedff20999df2af8eb42d56 -> 
========================================================================
Received Import Request.
  Time since last request: 132.642824 seconds.
  path: Assets/Scripts/SoundScript.cs
  artifactKey: Guid(9ac7117461fefc34692c0f4a08035550) Importer(815301076,1909f56bfc062723c751e8b465ee728b)
Start importing Assets/Scripts/SoundScript.cs using Guid(9ac7117461fefc34692c0f4a08035550) Importer(815301076,1909f56bfc062723c751e8b465ee728b)  -> (artifact id: '150b62b9823fa9cded0cd4de0b3e414d') in 0.019684 seconds 
  Import took 0.022963 seconds .

========================================================================
Received Import Request.
  Time since last request: 0.015017 seconds.
  path: Assets/Scripts/SoundScript.cs
  artifactKey: Guid(9ac7117461fefc34692c0f4a08035550) Importer(815301076,1909f56bfc062723c751e8b465ee728b)
Start importing Assets/Scripts/SoundScript.cs using Guid(9ac7117461fefc34692c0f4a08035550) Importer(815301076,1909f56bfc062723c751e8b465ee728b)  -> (artifact id: '150b62b9823fa9cded0cd4de0b3e414d') in 0.003524 seconds 
  Import took 0.007079 seconds .

========================================================================
Received Prepare
Registering precompiled user dll's ...
Registered in 0.007352 seconds.
Begin MonoManager ReloadAssembly
Native extension for WindowsStandalone target not found
Refreshing native plugins compatible for Editor in 0.46 ms, found 3 plugins.
Preloading 0 native plugins for Editor in 0.00 ms.
Mono: successfully reloaded assembly
- Completed reload, in  1.326 seconds
Domain Reload Profiling:
	ReloadAssembly (1327ms)
		BeginReloadAssembly (146ms)
			ExecutionOrderSort (0ms)
			DisableScriptedObjects (8ms)
			BackupInstance (0ms)
			ReleaseScriptingObjects (0ms)
			CreateAndSetChildDomain (39ms)
		EndReloadAssembly (1077ms)
			LoadAssemblies (100ms)
			RebuildTransferFunctionScriptingTraits (0ms)
			SetupTypeCache (320ms)
			ReleaseScriptCaches (1ms)
			RebuildScriptCaches (61ms)
			SetupLoadedEditorAssemblies (445ms)
				LogAssemblyErrors (0ms)
				InitializePlatformSupportModulesInManaged (7ms)
				SetLoadedEditorAssemblies (1ms)
				RefreshPlugins (1ms)
				BeforeProcessingInitializeOnLoad (103ms)
				ProcessInitializeOnLoadAttributes (322ms)
				ProcessInitializeOnLoadMethodAttributes (6ms)
				AfterProcessingInitializeOnLoad (7ms)
				EditorAssembliesLoaded (0ms)
			ExecutionOrderSort2 (0ms)
			AwakeInstancesAfterBackupRestoration (11ms)
Platform modules already initialized, skipping
Refreshing native plugins compatible for Editor in 0.46 ms, found 3 plugins.
Preloading 0 native plugins for Editor in 0.00 ms.
Unloading 2082 Unused Serialized files (Serialized files now loaded: 0)
System memory in use before: 95.6 MB.
System memory in use after: 95.7 MB.

Unloading 16 unused Assets to reduce memory usage. Loaded Objects now: 2546.
Total: 3.465200 ms (FindLiveObjects: 0.260800 ms CreateObjectMapping: 0.097900 ms MarkObjects: 3.056700 ms  DeleteObjects: 0.048400 ms)

AssetImportParameters requested are different than current active one (requested -> active):
  custom:framework-win-MediaFoundation: 216162199b28c13a410421893ffa2e32 -> 
  custom:video-decoder-ogg-theora: a1e56fd34408186e4bbccfd4996cb3dc -> 
  custom:container-muxer-webm: aa71ff27fc2769a1b78a27578f13a17b -> 
  custom:container-demuxer-webm: 4f35f7cbe854078d1ac9338744f61a02 -> 
  custom:container-demuxer-ogg: 62fdf1f143b41e24485cea50d1cbac27 -> 
  custom:video-encoder-webm-vp8: eb34c28f22e8b96e1ab97ce403110664 -> 
  custom:video-decoder-webm-vp8: 9c59270c3fd7afecdb556c50c9e8de78 -> 
  custom:audio-decoder-ogg-vorbis: bf7c407c2cedff20999df2af8eb42d56 -> 
  custom:audio-encoder-webm-vorbis: bf7c407c2cedff20999df2af8eb42d56 -> 
========================================================================
Received Prepare
Registering precompiled user dll's ...
Registered in 0.005446 seconds.
Begin MonoManager ReloadAssembly
Native extension for WindowsStandalone target not found
Refreshing native plugins compatible for Editor in 0.66 ms, found 3 plugins.
Preloading 0 native plugins for Editor in 0.00 ms.
Mono: successfully reloaded assembly
- Completed reload, in  1.141 seconds
Domain Reload Profiling:
	ReloadAssembly (1142ms)
		BeginReloadAssembly (120ms)
			ExecutionOrderSort (0ms)
			DisableScriptedObjects (6ms)
			BackupInstance (0ms)
			ReleaseScriptingObjects (0ms)
			CreateAndSetChildDomain (33ms)
		EndReloadAssembly (955ms)
			LoadAssemblies (93ms)
			RebuildTransferFunctionScriptingTraits (0ms)
			SetupTypeCache (333ms)
			ReleaseScriptCaches (1ms)
			RebuildScriptCaches (42ms)
			SetupLoadedEditorAssemblies (381ms)
				LogAssemblyErrors (0ms)
				InitializePlatformSupportModulesInManaged (6ms)
				SetLoadedEditorAssemblies (2ms)
				RefreshPlugins (1ms)
				BeforeProcessingInitializeOnLoad (100ms)
				ProcessInitializeOnLoadAttributes (259ms)
				ProcessInitializeOnLoadMethodAttributes (6ms)
				AfterProcessingInitializeOnLoad (7ms)
				EditorAssembliesLoaded (0ms)
			ExecutionOrderSort2 (0ms)
			AwakeInstancesAfterBackupRestoration (12ms)
Platform modules already initialized, skipping
Refreshing native plugins compatible for Editor in 0.51 ms, found 3 plugins.
Preloading 0 native plugins for Editor in 0.00 ms.
Unloading 2082 Unused Serialized files (Serialized files now loaded: 0)
System memory in use before: 95.6 MB.
System memory in use after: 95.7 MB.

Unloading 16 unused Assets to reduce memory usage. Loaded Objects now: 2549.
Total: 3.156900 ms (FindLiveObjects: 0.171500 ms CreateObjectMapping: 0.072800 ms MarkObjects: 2.877000 ms  DeleteObjects: 0.034600 ms)

AssetImportParameters requested are different than current active one (requested -> active):
  custom:framework-win-MediaFoundation: 216162199b28c13a410421893ffa2e32 -> 
  custom:video-decoder-ogg-theora: a1e56fd34408186e4bbccfd4996cb3dc -> 
  custom:container-muxer-webm: aa71ff27fc2769a1b78a27578f13a17b -> 
  custom:container-demuxer-webm: 4f35f7cbe854078d1ac9338744f61a02 -> 
  custom:container-demuxer-ogg: 62fdf1f143b41e24485cea50d1cbac27 -> 
  custom:video-encoder-webm-vp8: eb34c28f22e8b96e1ab97ce403110664 -> 
  custom:video-decoder-webm-vp8: 9c59270c3fd7afecdb556c50c9e8de78 -> 
  custom:audio-decoder-ogg-vorbis: bf7c407c2cedff20999df2af8eb42d56 -> 
  custom:audio-encoder-webm-vorbis: bf7c407c2cedff20999df2af8eb42d56 -> 
========================================================================
Received Prepare
Registering precompiled user dll's ...
Registered in 0.005547 seconds.
Begin MonoManager ReloadAssembly
Native extension for WindowsStandalone target not found
Refreshing native plugins compatible for Editor in 0.42 ms, found 3 plugins.
Preloading 0 native plugins for Editor in 0.00 ms.
Mono: successfully reloaded assembly
- Completed reload, in  1.261 seconds
Domain Reload Profiling:
	ReloadAssembly (1261ms)
		BeginReloadAssembly (124ms)
			ExecutionOrderSort (0ms)
			DisableScriptedObjects (7ms)
			BackupInstance (0ms)
			ReleaseScriptingObjects (0ms)
			CreateAndSetChildDomain (32ms)
		EndReloadAssembly (1056ms)
			LoadAssemblies (103ms)
			RebuildTransferFunctionScriptingTraits (0ms)
			SetupTypeCache (339ms)
			ReleaseScriptCaches (1ms)
			RebuildScriptCaches (44ms)
			SetupLoadedEditorAssemblies (465ms)
				LogAssemblyErrors (0ms)
				InitializePlatformSupportModulesInManaged (5ms)
				SetLoadedEditorAssemblies (0ms)
				RefreshPlugins (0ms)
				BeforeProcessingInitializeOnLoad (97ms)
				ProcessInitializeOnLoadAttributes (349ms)
				ProcessInitializeOnLoadMethodAttributes (6ms)
				AfterProcessingInitializeOnLoad (7ms)
				EditorAssembliesLoaded (0ms)
			ExecutionOrderSort2 (0ms)
			AwakeInstancesAfterBackupRestoration (11ms)
Platform modules already initialized, skipping
Refreshing native plugins compatible for Editor in 0.56 ms, found 3 plugins.
Preloading 0 native plugins for Editor in 0.00 ms.
Unloading 2082 Unused Serialized files (Serialized files now loaded: 0)
System memory in use before: 95.6 MB.
System memory in use after: 95.7 MB.

Unloading 16 unused Assets to reduce memory usage. Loaded Objects now: 2552.
Total: 3.421400 ms (FindLiveObjects: 0.165000 ms CreateObjectMapping: 0.066200 ms MarkObjects: 3.139700 ms  DeleteObjects: 0.049600 ms)

AssetImportParameters requested are different than current active one (requested -> active):
  custom:framework-win-MediaFoundation: 216162199b28c13a410421893ffa2e32 -> 
  custom:video-decoder-ogg-theora: a1e56fd34408186e4bbccfd4996cb3dc -> 
  custom:container-muxer-webm: aa71ff27fc2769a1b78a27578f13a17b -> 
  custom:container-demuxer-webm: 4f35f7cbe854078d1ac9338744f61a02 -> 
  custom:container-demuxer-ogg: 62fdf1f143b41e24485cea50d1cbac27 -> 
  custom:video-encoder-webm-vp8: eb34c28f22e8b96e1ab97ce403110664 -> 
  custom:video-decoder-webm-vp8: 9c59270c3fd7afecdb556c50c9e8de78 -> 
  custom:audio-decoder-ogg-vorbis: bf7c407c2cedff20999df2af8eb42d56 -> 
  custom:audio-encoder-webm-vorbis: bf7c407c2cedff20999df2af8eb42d56 -> 
========================================================================
Received Import Request.
  Time since last request: 131.805473 seconds.
  path: Assets/Sprites/Run (7).png
  artifactKey: Guid(d32659de80676884896ab7ba53727bee) Importer(815301076,1909f56bfc062723c751e8b465ee728b)
Start importing Assets/Sprites/Run (7).png using Guid(d32659de80676884896ab7ba53727bee) Importer(815301076,1909f56bfc062723c751e8b465ee728b)  -> (artifact id: '0475132f604ddf24f37939fb071d6b68') in 0.059399 seconds 
  Import took 0.062592 seconds .

========================================================================
Received Import Request.
  Time since last request: 0.000285 seconds.
  path: Assets/Sprites/Run (6).png
  artifactKey: Guid(c36886e0b376c5e4480fbd6ea43b608a) Importer(815301076,1909f56bfc062723c751e8b465ee728b)
Start importing Assets/Sprites/Run (6).png using Guid(c36886e0b376c5e4480fbd6ea43b608a) Importer(815301076,1909f56bfc062723c751e8b465ee728b)  -> (artifact id: 'aa82f671d3137d6fc1337e192a9e7f91') in 0.019540 seconds 
  Import took 0.022818 seconds .

========================================================================
Received Import Request.
  Time since last request: 0.000247 seconds.
  path: Assets/Sprites/Slide (1).png
  artifactKey: Guid(41920a3cc57950247ac81ee6748c041a) Importer(815301076,1909f56bfc062723c751e8b465ee728b)
Start importing Assets/Sprites/Slide (1).png using Guid(41920a3cc57950247ac81ee6748c041a) Importer(815301076,1909f56bfc062723c751e8b465ee728b)  -> (artifact id: '21f640e5cae6138a330677966d7ccb3d') in 0.020907 seconds 
  Import took 0.024611 seconds .

========================================================================
Received Import Request.
  Time since last request: 0.000253 seconds.
  path: Assets/Sprites/Slide (2).png
  artifactKey: Guid(48dbcffd408daa245a29457b44170205) Importer(815301076,1909f56bfc062723c751e8b465ee728b)
Start importing Assets/Sprites/Slide (2).png using Guid(48dbcffd408daa245a29457b44170205) Importer(815301076,1909f56bfc062723c751e8b465ee728b)  -> (artifact id: 'bc2e9a89cb7837f5aa0983570f7de8c0') in 0.021743 seconds 
  Import took 0.025348 seconds .

========================================================================
Received Import Request.
  Time since last request: 0.000302 seconds.
  path: Assets/Sprites/Run (8).png
  artifactKey: Guid(3c027cd4bd5dfa841afec43974600366) Importer(815301076,1909f56bfc062723c751e8b465ee728b)
Start importing Assets/Sprites/Run (8).png using Guid(3c027cd4bd5dfa841afec43974600366) Importer(815301076,1909f56bfc062723c751e8b465ee728b)  -> (artifact id: '9aba6f78b64e848eb57355bad1b76f02') in 0.023662 seconds 
  Import took 0.026972 seconds .

========================================================================
Received Import Request.
  Time since last request: 0.400076 seconds.
  path: Assets/Sprites/Slide (3).png
  artifactKey: Guid(bf9289cd4e21c564fb8905829602901c) Importer(815301076,1909f56bfc062723c751e8b465ee728b)
Start importing Assets/Sprites/Slide (3).png using Guid(bf9289cd4e21c564fb8905829602901c) Importer(815301076,1909f56bfc062723c751e8b465ee728b)  -> (artifact id: '84a60dd6e87425bce5d282fb2173f678') in 0.016966 seconds 
  Import took 0.021200 seconds .

========================================================================
Received Import Request.
  Time since last request: 0.000265 seconds.
  path: Assets/Sprites/Slide (7).png
  artifactKey: Guid(eeb3b9e829ee528438dc9cdf9f7c65fd) Importer(815301076,1909f56bfc062723c751e8b465ee728b)
Start importing Assets/Sprites/Slide (7).png using Guid(eeb3b9e829ee528438dc9cdf9f7c65fd) Importer(815301076,1909f56bfc062723c751e8b465ee728b)  -> (artifact id: '8e72a517722dc419dd0996e6435c27a7') in 0.018528 seconds 
  Import took 0.022550 seconds .

========================================================================
Received Import Request.
  Time since last request: 0.000305 seconds.
  path: Assets/Sprites/Slide (6).png
  artifactKey: Guid(22f58619af6984e4bbe42e138044f262) Importer(815301076,1909f56bfc062723c751e8b465ee728b)
Start importing Assets/Sprites/Slide (6).png using Guid(22f58619af6984e4bbe42e138044f262) Importer(815301076,1909f56bfc062723c751e8b465ee728b)  -> (artifact id: '6c19cb73000d0dfddafd565025555588') in 0.020823 seconds 
  Import took 0.024899 seconds .

========================================================================
Received Import Request.
  Time since last request: 0.000322 seconds.
  path: Assets/Sprites/Slide (4).png
  artifactKey: Guid(47aa906b101e5f14d99a20617c43c759) Importer(815301076,1909f56bfc062723c751e8b465ee728b)
Start importing Assets/Sprites/Slide (4).png using Guid(47aa906b101e5f14d99a20617c43c759) Importer(815301076,1909f56bfc062723c751e8b465ee728b)  -> (artifact id: '5024ee652859bdcaf23cb87e5ee7c968') in 0.025057 seconds 
  Import took 0.028674 seconds .

========================================================================
Received Import Request.
  Time since last request: 0.000270 seconds.
  path: Assets/Sprites/Slide (5).png
  artifactKey: Guid(e7dda2d98488683428527c7ef973ae7e) Importer(815301076,1909f56bfc062723c751e8b465ee728b)
Start importing Assets/Sprites/Slide (5).png using Guid(e7dda2d98488683428527c7ef973ae7e) Importer(815301076,1909f56bfc062723c751e8b465ee728b)  -> (artifact id: '398706f236be446eac197e5307de06f8') in 0.018787 seconds 
  Import took 0.022337 seconds .

========================================================================
Received Import Request.
  Time since last request: 0.702239 seconds.
  path: Assets/Sprites/Slide (8).png
  artifactKey: Guid(06f32ba9442b8a04fa046d3eb0a85e72) Importer(815301076,1909f56bfc062723c751e8b465ee728b)
Start importing Assets/Sprites/Slide (8).png using Guid(06f32ba9442b8a04fa046d3eb0a85e72) Importer(815301076,1909f56bfc062723c751e8b465ee728b)  -> (artifact id: '49b02a1193f9f1097c68a4b20211c458') in 0.033683 seconds 
  Import took 0.042566 seconds .

========================================================================
Received Import Request.
  Time since last request: 0.000388 seconds.
  path: Assets/Sprites/Slide (10).png
  artifactKey: Guid(87bf863da924c8a48872ffcdfdb1ded2) Importer(815301076,1909f56bfc062723c751e8b465ee728b)
Start importing Assets/Sprites/Slide (10).png using Guid(87bf863da924c8a48872ffcdfdb1ded2) Importer(815301076,1909f56bfc062723c751e8b465ee728b)  -> (artifact id: 'fc2c522c07ffbebbc700791078ca9f31') in 0.034087 seconds 
  Import took 0.038883 seconds .

========================================================================
Received Import Request.
  Time since last request: 0.000332 seconds.
  path: Assets/Sprites/Walk (1).png
  artifactKey: Guid(20d866f024aaaef468b4d554ce17c37d) Importer(815301076,1909f56bfc062723c751e8b465ee728b)
Start importing Assets/Sprites/Walk (1).png using Guid(20d866f024aaaef468b4d554ce17c37d) Importer(815301076,1909f56bfc062723c751e8b465ee728b)  -> (artifact id: '5a334fbbec3153ee8f1887aa2454191e') in 0.021411 seconds 
  Import took 0.025185 seconds .

========================================================================
Received Import Request.
  Time since last request: 0.000482 seconds.
  path: Assets/Sprites/Walk (2).png
  artifactKey: Guid(6b69c5f2ff57eeb41aff8ab383f271e0) Importer(815301076,1909f56bfc062723c751e8b465ee728b)
Start importing Assets/Sprites/Walk (2).png using Guid(6b69c5f2ff57eeb41aff8ab383f271e0) Importer(815301076,1909f56bfc062723c751e8b465ee728b)  -> (artifact id: 'ecb0f05284f52d557fe55d5608f43592') in 0.022704 seconds 
  Import took 0.027545 seconds .

========================================================================
Received Import Request.
  Time since last request: 0.000210 seconds.
  path: Assets/Sprites/Slide (9).png
  artifactKey: Guid(f1ca63dc3f7eed04bb9fe35b1e2e46ef) Importer(815301076,1909f56bfc062723c751e8b465ee728b)
Start importing Assets/Sprites/Slide (9).png using Guid(f1ca63dc3f7eed04bb9fe35b1e2e46ef) Importer(815301076,1909f56bfc062723c751e8b465ee728b)  -> (artifact id: 'ec1fad958b303e644c096bd1d59dc29b') in 0.020904 seconds 
  Import took 0.024743 seconds .

========================================================================
Received Import Request.
  Time since last request: 0.940290 seconds.
  path: Assets/Sprites/Walk (3).png
  artifactKey: Guid(bdc0d24b5ca6b5047bbfd48639d901df) Importer(815301076,1909f56bfc062723c751e8b465ee728b)
Start importing Assets/Sprites/Walk (3).png using Guid(bdc0d24b5ca6b5047bbfd48639d901df) Importer(815301076,1909f56bfc062723c751e8b465ee728b)  -> (artifact id: '2c8a66d771b53a8933acd3f1e3f4819b') in 0.016992 seconds 
  Import took 0.020705 seconds .

========================================================================
Received Import Request.
  Time since last request: 0.000377 seconds.
  path: Assets/Sprites/Walk (5).png
  artifactKey: Guid(145bb7e0279ec0942b70e82892cd7ef8) Importer(815301076,1909f56bfc062723c751e8b465ee728b)
Start importing Assets/Sprites/Walk (5).png using Guid(145bb7e0279ec0942b70e82892cd7ef8) Importer(815301076,1909f56bfc062723c751e8b465ee728b)  -> (artifact id: 'e11d83461e228c6862cca02969858e3d') in 0.021053 seconds 
  Import took 0.024927 seconds .

========================================================================
Received Import Request.
  Time since last request: 0.000203 seconds.
  path: Assets/Sprites/Walk (4).png
  artifactKey: Guid(98a8bdb4c9a682b45b883b6103fb681e) Importer(815301076,1909f56bfc062723c751e8b465ee728b)
Start importing Assets/Sprites/Walk (4).png using Guid(98a8bdb4c9a682b45b883b6103fb681e) Importer(815301076,1909f56bfc062723c751e8b465ee728b)  -> (artifact id: 'cbbc4ec1dd40455ae42513c99d208aaa') in 0.032545 seconds 
  Import took 0.036674 seconds .

========================================================================
Received Import Request.
  Time since last request: 0.000195 seconds.
  path: Assets/Sprites/Walk (6).png
  artifactKey: Guid(1ed6a139af2fbe04aa42d72f76a6db84) Importer(815301076,1909f56bfc062723c751e8b465ee728b)
Start importing Assets/Sprites/Walk (6).png using Guid(1ed6a139af2fbe04aa42d72f76a6db84) Importer(815301076,1909f56bfc062723c751e8b465ee728b)  -> (artifact id: '5c30895dd84453838d515ea21beeeb1a') in 0.021024 seconds 
  Import took 0.025170 seconds .

========================================================================
Received Import Request.
  Time since last request: 0.000268 seconds.
  path: Assets/Sprites/Walk (4).png
  artifactKey: Guid(98a8bdb4c9a682b45b883b6103fb681e) Importer(815301076,1909f56bfc062723c751e8b465ee728b)
Start importing Assets/Sprites/Walk (4).png using Guid(98a8bdb4c9a682b45b883b6103fb681e) Importer(815301076,1909f56bfc062723c751e8b465ee728b)  -> (artifact id: 'cbbc4ec1dd40455ae42513c99d208aaa') in 0.023072 seconds 
  Import took 0.027603 seconds .

========================================================================
Received Import Request.
  Time since last request: 0.000179 seconds.
  path: Assets/Sprites/Walk (7).png
  artifactKey: Guid(a4009ad3ffc50e14f9a4d89193ff904a) Importer(815301076,1909f56bfc062723c751e8b465ee728b)
Start importing Assets/Sprites/Walk (7).png using Guid(a4009ad3ffc50e14f9a4d89193ff904a) Importer(815301076,1909f56bfc062723c751e8b465ee728b)  -> (artifact id: '53747397eb531d370dc1ce792dde694c') in 0.024104 seconds 
  Import took 0.028252 seconds .

========================================================================
Received Import Request.
  Time since last request: 0.393339 seconds.
  path: Assets/Sprites/Walk (8).png
  artifactKey: Guid(17f97c070f148654fa0bd858fc3729c8) Importer(815301076,1909f56bfc062723c751e8b465ee728b)
Start importing Assets/Sprites/Walk (8).png using Guid(17f97c070f148654fa0bd858fc3729c8) Importer(815301076,1909f56bfc062723c751e8b465ee728b)  -> (artifact id: '4b7b583d7a6ad71fe72e4da9b1a528b5') in 0.019759 seconds 
  Import took 0.025094 seconds .

========================================================================
Received Import Request.
  Time since last request: 0.000320 seconds.
  path: Assets/Sprites/Walk (9).png
  artifactKey: Guid(2bb99b4d95282c14d94570351459a180) Importer(815301076,1909f56bfc062723c751e8b465ee728b)
Start importing Assets/Sprites/Walk (9).png using Guid(2bb99b4d95282c14d94570351459a180) Importer(815301076,1909f56bfc062723c751e8b465ee728b)  -> (artifact id: '0230042adb0e56f2f7a673baa8cae69d') in 0.025626 seconds 
  Import took 0.029978 seconds .

========================================================================
Received Import Request.
  Time since last request: 0.000367 seconds.
  path: Assets/Sprites/Walk (8).png
  artifactKey: Guid(17f97c070f148654fa0bd858fc3729c8) Importer(815301076,1909f56bfc062723c751e8b465ee728b)
Start importing Assets/Sprites/Walk (8).png using Guid(17f97c070f148654fa0bd858fc3729c8) Importer(815301076,1909f56bfc062723c751e8b465ee728b)  -> (artifact id: '4b7b583d7a6ad71fe72e4da9b1a528b5') in 0.022581 seconds 
  Import took 0.026170 seconds .

========================================================================
Received Import Request.
  Time since last request: 0.000178 seconds.
  path: Assets/Sprites/Walk (10).png
  artifactKey: Guid(2a353e89182db7346ab81eb3bc172a4d) Importer(815301076,1909f56bfc062723c751e8b465ee728b)
Start importing Assets/Sprites/Walk (10).png using Guid(2a353e89182db7346ab81eb3bc172a4d) Importer(815301076,1909f56bfc062723c751e8b465ee728b)  -> (artifact id: '4a63795e513b2429993371a350dada85') in 0.025077 seconds 
  Import took 0.028472 seconds .

========================================================================
Received Import Request.
  Time since last request: 201.141623 seconds.
  path: Assets/Animations/Idle (1).controller
  artifactKey: Guid(14e74257631ffeb4ab91864361ae4c47) Importer(815301076,1909f56bfc062723c751e8b465ee728b)
Start importing Assets/Animations/Idle (1).controller using Guid(14e74257631ffeb4ab91864361ae4c47) Importer(815301076,1909f56bfc062723c751e8b465ee728b)  -> (artifact id: '34d84fc7d5340635891e17fe5708737f') in 0.014237 seconds 
  Import took 0.019151 seconds .

========================================================================
Received Prepare
Registering precompiled user dll's ...
Registered in 0.004861 seconds.
Begin MonoManager ReloadAssembly
Native extension for WindowsStandalone target not found
Refreshing native plugins compatible for Editor in 0.43 ms, found 3 plugins.
Preloading 0 native plugins for Editor in 0.00 ms.
Mono: successfully reloaded assembly
- Completed reload, in  1.228 seconds
Domain Reload Profiling:
	ReloadAssembly (1228ms)
		BeginReloadAssembly (126ms)
			ExecutionOrderSort (0ms)
			DisableScriptedObjects (7ms)
			BackupInstance (0ms)
			ReleaseScriptingObjects (0ms)
			CreateAndSetChildDomain (40ms)
		EndReloadAssembly (1021ms)
			LoadAssemblies (122ms)
			RebuildTransferFunctionScriptingTraits (0ms)
			SetupTypeCache (316ms)
			ReleaseScriptCaches (1ms)
			RebuildScriptCaches (44ms)
			SetupLoadedEditorAssemblies (435ms)
				LogAssemblyErrors (0ms)
				InitializePlatformSupportModulesInManaged (5ms)
				SetLoadedEditorAssemblies (0ms)
				RefreshPlugins (0ms)
				BeforeProcessingInitializeOnLoad (97ms)
				ProcessInitializeOnLoadAttributes (318ms)
				ProcessInitializeOnLoadMethodAttributes (6ms)
				AfterProcessingInitializeOnLoad (8ms)
				EditorAssembliesLoaded (0ms)
			ExecutionOrderSort2 (0ms)
			AwakeInstancesAfterBackupRestoration (10ms)
Platform modules already initialized, skipping
Refreshing native plugins compatible for Editor in 0.46 ms, found 3 plugins.
Preloading 0 native plugins for Editor in 0.00 ms.
Unloading 2082 Unused Serialized files (Serialized files now loaded: 0)
System memory in use before: 95.7 MB.
System memory in use after: 95.8 MB.

Unloading 16 unused Assets to reduce memory usage. Loaded Objects now: 2556.
Total: 3.328800 ms (FindLiveObjects: 0.169000 ms CreateObjectMapping: 0.100200 ms MarkObjects: 3.027300 ms  DeleteObjects: 0.031300 ms)

AssetImportParameters requested are different than current active one (requested -> active):
  custom:framework-win-MediaFoundation: 216162199b28c13a410421893ffa2e32 -> 
  custom:video-decoder-ogg-theora: a1e56fd34408186e4bbccfd4996cb3dc -> 
  custom:container-muxer-webm: aa71ff27fc2769a1b78a27578f13a17b -> 
  custom:container-demuxer-webm: 4f35f7cbe854078d1ac9338744f61a02 -> 
  custom:container-demuxer-ogg: 62fdf1f143b41e24485cea50d1cbac27 -> 
  custom:video-encoder-webm-vp8: eb34c28f22e8b96e1ab97ce403110664 -> 
  custom:video-decoder-webm-vp8: 9c59270c3fd7afecdb556c50c9e8de78 -> 
  custom:audio-decoder-ogg-vorbis: bf7c407c2cedff20999df2af8eb42d56 -> 
  custom:audio-encoder-webm-vorbis: bf7c407c2cedff20999df2af8eb42d56 -> 
========================================================================
Received Import Request.
  Time since last request: 444.241996 seconds.
  path: Assets/Scripts/CatController.cs
  artifactKey: Guid(9ac7117461fefc34692c0f4a08035550) Importer(815301076,1909f56bfc062723c751e8b465ee728b)
Start importing Assets/Scripts/CatController.cs using Guid(9ac7117461fefc34692c0f4a08035550) Importer(815301076,1909f56bfc062723c751e8b465ee728b)  -> (artifact id: '8dc83c049205c9a4b49d735c46ccfa7d') in 0.025996 seconds 
  Import took 0.029305 seconds .

========================================================================
Received Prepare
Registering precompiled user dll's ...
Registered in 0.005294 seconds.
Begin MonoManager ReloadAssembly
Native extension for WindowsStandalone target not found
Refreshing native plugins compatible for Editor in 0.49 ms, found 3 plugins.
Preloading 0 native plugins for Editor in 0.00 ms.
Mono: successfully reloaded assembly
- Completed reload, in  1.299 seconds
Domain Reload Profiling:
	ReloadAssembly (1299ms)
		BeginReloadAssembly (132ms)
			ExecutionOrderSort (0ms)
			DisableScriptedObjects (6ms)
			BackupInstance (0ms)
			ReleaseScriptingObjects (0ms)
			CreateAndSetChildDomain (40ms)
		EndReloadAssembly (1090ms)
			LoadAssemblies (118ms)
			RebuildTransferFunctionScriptingTraits (0ms)
			SetupTypeCache (338ms)
			ReleaseScriptCaches (1ms)
			RebuildScriptCaches (60ms)
			SetupLoadedEditorAssemblies (413ms)
				LogAssemblyErrors (0ms)
				InitializePlatformSupportModulesInManaged (5ms)
				SetLoadedEditorAssemblies (0ms)
				RefreshPlugins (1ms)
				BeforeProcessingInitializeOnLoad (114ms)
				ProcessInitializeOnLoadAttributes (281ms)
				ProcessInitializeOnLoadMethodAttributes (5ms)
				AfterProcessingInitializeOnLoad (7ms)
				EditorAssembliesLoaded (0ms)
			ExecutionOrderSort2 (0ms)
			AwakeInstancesAfterBackupRestoration (14ms)
Platform modules already initialized, skipping
Refreshing native plugins compatible for Editor in 0.47 ms, found 3 plugins.
Preloading 0 native plugins for Editor in 0.00 ms.
Unloading 2082 Unused Serialized files (Serialized files now loaded: 0)
System memory in use before: 95.7 MB.
System memory in use after: 95.8 MB.

Unloading 16 unused Assets to reduce memory usage. Loaded Objects now: 2559.
Total: 4.020700 ms (FindLiveObjects: 0.177300 ms CreateObjectMapping: 0.071600 ms MarkObjects: 3.718800 ms  DeleteObjects: 0.051500 ms)

AssetImportParameters requested are different than current active one (requested -> active):
  custom:framework-win-MediaFoundation: 216162199b28c13a410421893ffa2e32 -> 
  custom:video-decoder-ogg-theora: a1e56fd34408186e4bbccfd4996cb3dc -> 
  custom:container-muxer-webm: aa71ff27fc2769a1b78a27578f13a17b -> 
  custom:container-demuxer-webm: 4f35f7cbe854078d1ac9338744f61a02 -> 
  custom:container-demuxer-ogg: 62fdf1f143b41e24485cea50d1cbac27 -> 
  custom:video-encoder-webm-vp8: eb34c28f22e8b96e1ab97ce403110664 -> 
  custom:video-decoder-webm-vp8: 9c59270c3fd7afecdb556c50c9e8de78 -> 
  custom:audio-decoder-ogg-vorbis: bf7c407c2cedff20999df2af8eb42d56 -> 
  custom:audio-encoder-webm-vorbis: bf7c407c2cedff20999df2af8eb42d56 -> 
========================================================================
Received Prepare
Registering precompiled user dll's ...
Registered in 0.005326 seconds.
Begin MonoManager ReloadAssembly
Native extension for WindowsStandalone target not found
Refreshing native plugins compatible for Editor in 0.50 ms, found 3 plugins.
Preloading 0 native plugins for Editor in 0.00 ms.
Mono: successfully reloaded assembly
- Completed reload, in  1.311 seconds
Domain Reload Profiling:
	ReloadAssembly (1312ms)
		BeginReloadAssembly (121ms)
			ExecutionOrderSort (0ms)
			DisableScriptedObjects (7ms)
			BackupInstance (0ms)
			ReleaseScriptingObjects (0ms)
			CreateAndSetChildDomain (35ms)
		EndReloadAssembly (1119ms)
			LoadAssemblies (122ms)
			RebuildTransferFunctionScriptingTraits (0ms)
			SetupTypeCache (351ms)
			ReleaseScriptCaches (1ms)
			RebuildScriptCaches (57ms)
			SetupLoadedEditorAssemblies (469ms)
				LogAssemblyErrors (0ms)
				InitializePlatformSupportModulesInManaged (5ms)
				SetLoadedEditorAssemblies (0ms)
				RefreshPlugins (1ms)
				BeforeProcessingInitializeOnLoad (105ms)
				ProcessInitializeOnLoadAttributes (343ms)
				ProcessInitializeOnLoadMethodAttributes (7ms)
				AfterProcessingInitializeOnLoad (8ms)
				EditorAssembliesLoaded (0ms)
			ExecutionOrderSort2 (0ms)
			AwakeInstancesAfterBackupRestoration (16ms)
Platform modules already initialized, skipping
Refreshing native plugins compatible for Editor in 0.44 ms, found 3 plugins.
Preloading 0 native plugins for Editor in 0.00 ms.
Unloading 2082 Unused Serialized files (Serialized files now loaded: 0)
System memory in use before: 95.7 MB.
System memory in use after: 95.8 MB.

Unloading 16 unused Assets to reduce memory usage. Loaded Objects now: 2562.
Total: 3.843600 ms (FindLiveObjects: 0.170700 ms CreateObjectMapping: 0.061100 ms MarkObjects: 3.569500 ms  DeleteObjects: 0.041100 ms)

AssetImportParameters requested are different than current active one (requested -> active):
  custom:framework-win-MediaFoundation: 216162199b28c13a410421893ffa2e32 -> 
  custom:video-decoder-ogg-theora: a1e56fd34408186e4bbccfd4996cb3dc -> 
  custom:container-muxer-webm: aa71ff27fc2769a1b78a27578f13a17b -> 
  custom:container-demuxer-webm: 4f35f7cbe854078d1ac9338744f61a02 -> 
  custom:container-demuxer-ogg: 62fdf1f143b41e24485cea50d1cbac27 -> 
  custom:video-encoder-webm-vp8: eb34c28f22e8b96e1ab97ce403110664 -> 
  custom:video-decoder-webm-vp8: 9c59270c3fd7afecdb556c50c9e8de78 -> 
  custom:audio-decoder-ogg-vorbis: bf7c407c2cedff20999df2af8eb42d56 -> 
  custom:audio-encoder-webm-vorbis: bf7c407c2cedff20999df2af8eb42d56 -> 
========================================================================
Received Prepare
Registering precompiled user dll's ...
Registered in 0.005543 seconds.
Begin MonoManager ReloadAssembly
Native extension for WindowsStandalone target not found
Refreshing native plugins compatible for Editor in 0.45 ms, found 3 plugins.
Preloading 0 native plugins for Editor in 0.00 ms.
Mono: successfully reloaded assembly
- Completed reload, in  1.243 seconds
Domain Reload Profiling:
	ReloadAssembly (1244ms)
		BeginReloadAssembly (119ms)
			ExecutionOrderSort (0ms)
			DisableScriptedObjects (10ms)
			BackupInstance (0ms)
			ReleaseScriptingObjects (0ms)
			CreateAndSetChildDomain (34ms)
		EndReloadAssembly (1048ms)
			LoadAssemblies (119ms)
			RebuildTransferFunctionScriptingTraits (0ms)
			SetupTypeCache (329ms)
			ReleaseScriptCaches (4ms)
			RebuildScriptCaches (56ms)
			SetupLoadedEditorAssemblies (414ms)
				LogAssemblyErrors (0ms)
				InitializePlatformSupportModulesInManaged (6ms)
				SetLoadedEditorAssemblies (1ms)
				RefreshPlugins (1ms)
				BeforeProcessingInitializeOnLoad (106ms)
				ProcessInitializeOnLoadAttributes (286ms)
				ProcessInitializeOnLoadMethodAttributes (7ms)
				AfterProcessingInitializeOnLoad (9ms)
				EditorAssembliesLoaded (0ms)
			ExecutionOrderSort2 (0ms)
			AwakeInstancesAfterBackupRestoration (12ms)
Platform modules already initialized, skipping
Refreshing native plugins compatible for Editor in 0.44 ms, found 3 plugins.
Preloading 0 native plugins for Editor in 0.00 ms.
Unloading 2082 Unused Serialized files (Serialized files now loaded: 0)
System memory in use before: 95.7 MB.
System memory in use after: 95.8 MB.

Unloading 16 unused Assets to reduce memory usage. Loaded Objects now: 2565.
Total: 3.047600 ms (FindLiveObjects: 0.172000 ms CreateObjectMapping: 0.072500 ms MarkObjects: 2.755700 ms  DeleteObjects: 0.046500 ms)

AssetImportParameters requested are different than current active one (requested -> active):
  custom:framework-win-MediaFoundation: 216162199b28c13a410421893ffa2e32 -> 
  custom:video-decoder-ogg-theora: a1e56fd34408186e4bbccfd4996cb3dc -> 
  custom:container-muxer-webm: aa71ff27fc2769a1b78a27578f13a17b -> 
  custom:container-demuxer-webm: 4f35f7cbe854078d1ac9338744f61a02 -> 
  custom:container-demuxer-ogg: 62fdf1f143b41e24485cea50d1cbac27 -> 
  custom:video-encoder-webm-vp8: eb34c28f22e8b96e1ab97ce403110664 -> 
  custom:video-decoder-webm-vp8: 9c59270c3fd7afecdb556c50c9e8de78 -> 
  custom:audio-decoder-ogg-vorbis: bf7c407c2cedff20999df2af8eb42d56 -> 
  custom:audio-encoder-webm-vorbis: bf7c407c2cedff20999df2af8eb42d56 -> 
========================================================================
Received Prepare
Registering precompiled user dll's ...
Registered in 0.007317 seconds.
Begin MonoManager ReloadAssembly
Native extension for WindowsStandalone target not found
Refreshing native plugins compatible for Editor in 0.43 ms, found 3 plugins.
Preloading 0 native plugins for Editor in 0.00 ms.
Mono: successfully reloaded assembly
- Completed reload, in  1.184 seconds
Domain Reload Profiling:
	ReloadAssembly (1185ms)
		BeginReloadAssembly (137ms)
			ExecutionOrderSort (0ms)
			DisableScriptedObjects (7ms)
			BackupInstance (0ms)
			ReleaseScriptingObjects (0ms)
			CreateAndSetChildDomain (37ms)
		EndReloadAssembly (982ms)
			LoadAssemblies (99ms)
			RebuildTransferFunctionScriptingTraits (0ms)
			SetupTypeCache (333ms)
			ReleaseScriptCaches (1ms)
			RebuildScriptCaches (49ms)
			SetupLoadedEditorAssemblies (396ms)
				LogAssemblyErrors (0ms)
				InitializePlatformSupportModulesInManaged (5ms)
				SetLoadedEditorAssemblies (0ms)
				RefreshPlugins (0ms)
				BeforeProcessingInitializeOnLoad (100ms)
				ProcessInitializeOnLoadAttributes (277ms)
				ProcessInitializeOnLoadMethodAttributes (6ms)
				AfterProcessingInitializeOnLoad (8ms)
				EditorAssembliesLoaded (0ms)
			ExecutionOrderSort2 (0ms)
			AwakeInstancesAfterBackupRestoration (11ms)
Platform modules already initialized, skipping
Refreshing native plugins compatible for Editor in 0.44 ms, found 3 plugins.
Preloading 0 native plugins for Editor in 0.00 ms.
Unloading 2082 Unused Serialized files (Serialized files now loaded: 0)
System memory in use before: 95.7 MB.
System memory in use after: 95.8 MB.

Unloading 16 unused Assets to reduce memory usage. Loaded Objects now: 2568.
Total: 3.151800 ms (FindLiveObjects: 0.165800 ms CreateObjectMapping: 0.066100 ms MarkObjects: 2.897500 ms  DeleteObjects: 0.021300 ms)

AssetImportParameters requested are different than current active one (requested -> active):
  custom:framework-win-MediaFoundation: 216162199b28c13a410421893ffa2e32 -> 
  custom:video-decoder-ogg-theora: a1e56fd34408186e4bbccfd4996cb3dc -> 
  custom:container-muxer-webm: aa71ff27fc2769a1b78a27578f13a17b -> 
  custom:container-demuxer-webm: 4f35f7cbe854078d1ac9338744f61a02 -> 
  custom:container-demuxer-ogg: 62fdf1f143b41e24485cea50d1cbac27 -> 
  custom:video-encoder-webm-vp8: eb34c28f22e8b96e1ab97ce403110664 -> 
  custom:video-decoder-webm-vp8: 9c59270c3fd7afecdb556c50c9e8de78 -> 
  custom:audio-decoder-ogg-vorbis: bf7c407c2cedff20999df2af8eb42d56 -> 
  custom:audio-encoder-webm-vorbis: bf7c407c2cedff20999df2af8eb42d56 -> 
AssetImportWorkerClient::OnTransportError - code=2 error=End of file
